<?xml version="1.0" encoding="UTF-8"?>
<!-- Generated by org.testng.reporters.JUnitReportReporter -->
<testsuite skipped="0" hostname="LAPTOP-KGDIL3DJ" name="testCase.LoginCase" tests="1" failures="0" timestamp="10 四月 2020 13:26:35 GMT" time="0.866" errors="0">
  <testcase name="testLogin" time="0.866" classname="testCase.LoginCase"/>
</testsuite> <!-- testCase.LoginCase -->
