<?xml version="1.0" encoding="UTF-8"?>
<!-- Generated by org.testng.reporters.JUnitReportReporter -->
<testsuite skipped="0" hostname="LAPTOP-KGDIL3DJ" name="util.ProUtil" tests="1" failures="0" timestamp="09 四月 2020 15:00:53 GMT" time="0.005" errors="0">
  <testcase name="Test" time="0.005" classname="util.ProUtil"/>
</testsuite> <!-- util.ProUtil -->
