<?xml version="1.0" encoding="UTF-8"?>
<!-- Generated by org.testng.reporters.JUnitReportReporter -->
<testsuite skipped="0" hostname="LAPTOP-KGDIL3DJ" name="testCase.LoginCase" tests="1" failures="0" timestamp="09 四月 2020 16:16:01 GMT" time="0.916" errors="0">
  <testcase name="testLogin" time="0.916" classname="testCase.LoginCase"/>
</testsuite> <!-- testCase.LoginCase -->
