<?xml version="1.0" encoding="UTF-8"?>
<!-- Generated by org.testng.reporters.JUnitReportReporter -->
<testsuite skipped="0" hostname="LAPTOP-KGDIL3DJ" name="testCase.AddBrandCase" tests="1" failures="0" timestamp="10 四月 2020 14:19:29 GMT" time="2.067" errors="0">
  <testcase name="testAddBtand" time="2.067" classname="testCase.AddBrandCase"/>
</testsuite> <!-- testCase.AddBrandCase -->
