<?xml version="1.0" encoding="UTF-8"?>
<!-- Generated by org.testng.reporters.JUnitReportReporter -->
<testsuite skipped="0" hostname="LAPTOP-KGDIL3DJ" name="util.ProUtil" tests="1" failures="0" timestamp="10 四月 2020 13:14:39 GMT" time="0.012" errors="0">
  <testcase name="writePro" time="0.012" classname="util.ProUtil"/>
</testsuite> <!-- util.ProUtil -->
